
  .   ____          _            __ _ _
 /\\ / ___'_ __ _ _(_)_ __  __ _ \ \ \ \
( ( )\___ | '_ | '_| | '_ \/ _` | \ \ \ \
 \\/  ___)| |_)| | | | | || (_| |  ) ) ) )
  '  |____| .__|_| |_|_| |_\__, | / / / /
 =========|_|==============|___/=/_/_/_/

 :: Spring Boot ::                (v3.3.2)

2026-03-18T19:22:01.707+07:00  INFO 15304 --- [flood-rescue-system] [           main] c.f.f.FloodRescueSystemApplication       : Starting FloodRescueSystemApplication v0.0.1-SNAPSHOT using Java 17.0.18 with PID 15304 (C:\Users\Administrator\IdeaProjects\flood-rescue-system\target\flood-rescue-system-0.0.1-SNAPSHOT.jar started by Administrator in C:\Users\Administrator\IdeaProjects\flood-rescue-system)
2026-03-18T19:22:01.717+07:00  INFO 15304 --- [flood-rescue-system] [           main] c.f.f.FloodRescueSystemApplication       : No active profile set, falling back to 1 default profile: "default"
2026-03-18T19:22:04.899+07:00  INFO 15304 --- [flood-rescue-system] [           main] .s.d.r.c.RepositoryConfigurationDelegate : Bootstrapping Spring Data JPA repositories in DEFAULT mode.
2026-03-18T19:22:05.030+07:00  INFO 15304 --- [flood-rescue-system] [           main] .s.d.r.c.RepositoryConfigurationDelegate : Finished Spring Data repository scanning in 98 ms. Found 3 JPA repository interfaces.
2026-03-18T19:22:08.003+07:00  INFO 15304 --- [flood-rescue-system] [           main] o.s.b.w.embedded.tomcat.TomcatWebServer  : Tomcat initialized with port 8080 (http)
2026-03-18T19:22:08.022+07:00  INFO 15304 --- [flood-rescue-system] [           main] o.apache.catalina.core.StandardService   : Starting service [Tomcat]
2026-03-18T19:22:08.023+07:00  INFO 15304 --- [flood-rescue-system] [           main] o.apache.catalina.core.StandardEngine    : Starting Servlet engine: [Apache Tomcat/10.1.26]
2026-03-18T19:22:08.117+07:00  INFO 15304 --- [flood-rescue-system] [           main] o.a.c.c.C.[Tomcat].[localhost].[/]       : Initializing Spring embedded WebApplicationContext
2026-03-18T19:22:08.119+07:00  INFO 15304 --- [flood-rescue-system] [           main] w.s.c.ServletWebServerApplicationContext : Root WebApplicationContext: initialization completed in 6015 ms
2026-03-18T19:22:08.962+07:00  INFO 15304 --- [flood-rescue-system] [           main] o.hibernate.jpa.internal.util.LogHelper  : HHH000204: Processing PersistenceUnitInfo [name: default]
2026-03-18T19:22:09.389+07:00  INFO 15304 --- [flood-rescue-system] [           main] org.hibernate.Version                    : HHH000412: Hibernate ORM core version 6.5.2.Final
2026-03-18T19:22:09.530+07:00  INFO 15304 --- [flood-rescue-system] [           main] o.h.c.internal.RegionFactoryInitiator    : HHH000026: Second-level cache disabled
2026-03-18T19:22:11.226+07:00  INFO 15304 --- [flood-rescue-system] [           main] o.s.o.j.p.SpringPersistenceUnitInfo      : No LoadTimeWeaver setup: ignoring JPA class transformer
2026-03-18T19:22:11.290+07:00  INFO 15304 --- [flood-rescue-system] [           main] com.zaxxer.hikari.HikariDataSource       : HikariPool-1 - Starting...
2026-03-18T19:22:12.101+07:00  INFO 15304 --- [flood-rescue-system] [           main] com.zaxxer.hikari.pool.HikariPool        : HikariPool-1 - Added connection conn0: url=jdbc:h2:mem:runDb user=SA
2026-03-18T19:22:12.103+07:00  INFO 15304 --- [flood-rescue-system] [           main] com.zaxxer.hikari.HikariDataSource       : HikariPool-1 - Start completed.
2026-03-18T19:22:12.159+07:00  WARN 15304 --- [flood-rescue-system] [           main] org.hibernate.orm.deprecation            : HHH90000025: H2Dialect does not need to be specified explicitly using 'hibernate.dialect' (remove the property setting and it will be selected by default)
2026-03-18T19:22:14.564+07:00  INFO 15304 --- [flood-rescue-system] [           main] o.h.e.t.j.p.i.JtaPlatformInitiator       : HHH000489: No JTA platform available (set 'hibernate.transaction.jta.platform' to enable JTA platform integration)
Hibernate: 
    drop table if exists refresh_tokens cascade 
Hibernate: 
    drop table if exists roles cascade 
Hibernate: 
    drop table if exists users cascade 
Hibernate: 
    create table refresh_tokens (
        revoked boolean,
        created_at timestamp(6),
        expires_at timestamp(6),
        id bigint generated by default as identity,
        user_id bigint,
        token varchar(255),
        primary key (id)
    )
Hibernate: 
    create table roles (
        created_at timestamp(6),
        id bigint generated by default as identity,
        updated_at timestamp(6),
        name varchar(50) not null unique,
        description varchar(255),
        primary key (id)
    )
Hibernate: 
    create table users (
        created_at timestamp(6),
        id bigint generated by default as identity,
        last_login_at timestamp(6),
        role_id bigint,
        updated_at timestamp(6),
        address varchar(255),
        avatar_url varchar(255),
        email varchar(255),
        full_name varchar(255) not null,
        password_hash varchar(255) not null,
        phone varchar(255),
        status varchar(255),
        username varchar(255) not null unique,
        primary key (id)
    )
Hibernate: 
    alter table if exists refresh_tokens 
       add constraint FK1lih5y2npsf8u5o3vhdb9y0os 
       foreign key (user_id) 
       references users
Hibernate: 
    alter table if exists users 
       add constraint FKp56c1712k691lhsyewcssf40f 
       foreign key (role_id) 
       references roles
2026-03-18T19:22:14.720+07:00  INFO 15304 --- [flood-rescue-system] [           main] j.LocalContainerEntityManagerFactoryBean : Initialized JPA EntityManagerFactory for persistence unit 'default'
2026-03-18T19:22:16.520+07:00  WARN 15304 --- [flood-rescue-system] [           main] JpaBaseConfiguration$JpaWebConfiguration : spring.jpa.open-in-view is enabled by default. Therefore, database queries may be performed during view rendering. Explicitly configure spring.jpa.open-in-view to disable this warning
2026-03-18T19:22:16.642+07:00  INFO 15304 --- [flood-rescue-system] [           main] eAuthenticationProviderManagerConfigurer : Global AuthenticationManager configured with AuthenticationProvider bean with name authenticationProvider
2026-03-18T19:22:16.644+07:00  WARN 15304 --- [flood-rescue-system] [           main] r$InitializeUserDetailsManagerConfigurer : Global AuthenticationManager configured with an AuthenticationProvider bean. UserDetailsService beans will not be used for username/password login. Consider removing the AuthenticationProvider bean. Alternatively, consider using the UserDetailsService in a manually instantiated DaoAuthenticationProvider.
2026-03-18T19:22:19.928+07:00  INFO 15304 --- [flood-rescue-system] [           main] o.s.b.w.embedded.tomcat.TomcatWebServer  : Tomcat started on port 8080 (http) with context path '/'
2026-03-18T19:22:20.059+07:00  INFO 15304 --- [flood-rescue-system] [           main] c.f.f.FloodRescueSystemApplication       : Started FloodRescueSystemApplication in 20.555 seconds (process running for 24.387)
Hibernate: 
    select
        r1_0.id,
        r1_0.created_at,
        r1_0.description,
        r1_0.name,
        r1_0.updated_at 
    from
        roles r1_0 
    where
        r1_0.name=?
Hibernate: 
    insert 
    into
        roles
        (created_at, description, name, updated_at, id) 
    values
        (?, ?, ?, ?, default)
Hibernate: 
    select
        r1_0.id,
        r1_0.created_at,
        r1_0.description,
        r1_0.name,
        r1_0.updated_at 
    from
        roles r1_0 
    where
        r1_0.name=?
Hibernate: 
    insert 
    into
        roles
        (created_at, description, name, updated_at, id) 
    values
        (?, ?, ?, ?, default)
Hibernate: 
    select
        r1_0.id,
        r1_0.created_at,
        r1_0.description,
        r1_0.name,
        r1_0.updated_at 
    from
        roles r1_0 
    where
        r1_0.name=?
Hibernate: 
    insert 
    into
        roles
        (created_at, description, name, updated_at, id) 
    values
        (?, ?, ?, ?, default)
2026-03-18T19:22:41.872+07:00  INFO 15304 --- [flood-rescue-system] [nio-8080-exec-1] o.a.c.c.C.[Tomcat].[localhost].[/]       : Initializing Spring DispatcherServlet 'dispatcherServlet'
2026-03-18T19:22:41.873+07:00  INFO 15304 --- [flood-rescue-system] [nio-8080-exec-1] o.s.web.servlet.DispatcherServlet        : Initializing Servlet 'dispatcherServlet'
2026-03-18T19:22:41.874+07:00  INFO 15304 --- [flood-rescue-system] [nio-8080-exec-1] o.s.web.servlet.DispatcherServlet        : Completed initialization in 1 ms
